<?xml version="1.0" encoding="UTF-8"?>
<!-- Generated by org.testng.reporters.JUnitReportReporter -->
<testsuite hostname="IT3835P19" failures="0" tests="2" name="com.sddevops.selenium_maven2.eclipse.NewTest" time="0.000" errors="0" timestamp="2023-01-31T14:57:49 SGT" skipped="2">
  <testcase classname="com.sddevops.selenium_maven2.eclipse.NewTest" name="checkId" time="0.000">
    <skipped/>
  </testcase> <!-- checkId -->
  <testcase classname="com.sddevops.selenium_maven2.eclipse.NewTest" name="checkTitle" time="0.000">
    <skipped/>
  </testcase> <!-- checkTitle -->
</testsuite> <!-- com.sddevops.selenium_maven2.eclipse.NewTest -->
